<?xml version="1.0" encoding="UTF-8"?>
<!-- Generated by org.testng.reporters.JUnitReportReporter -->
<testsuite hostname="DESKTOP-FBE7IIT" failures="0" tests="1" name="day1.HTTPRequests" time="7.595" errors="0" timestamp="2023-11-16T09:21:35 IST" skipped="0">
  <testcase classname="day1.HTTPRequests" name="getUsers" time="7.595"/>
</testsuite> <!-- day1.HTTPRequests -->
