<?xml version="1.0" encoding="UTF-8"?>
<!-- Generated by org.testng.reporters.JUnitReportReporter -->
<testsuite hostname="DESKTOP-FBE7IIT" failures="0" tests="1" name="day6.JsonSchemaValidation" time="3.367" errors="0" timestamp="2023-10-31T13:00:00 IST" skipped="0">
  <testcase classname="day6.JsonSchemaValidation" name="validateJsonSchema" time="3.367"/>
</testsuite> <!-- day6.JsonSchemaValidation -->
