<?xml version="1.0" encoding="UTF-8"?>
<!-- Generated by org.testng.reporters.JUnitReportReporter -->
<testsuite hostname="DESKTOP-FBE7IIT" failures="0" tests="1" name="day7.FakerDataLibrary" time="0.457" errors="0" timestamp="2023-11-01T20:06:08 IST" skipped="0">
  <testcase classname="day7.FakerDataLibrary" name="fakerDataGenerator" time="0.457"/>
</testsuite> <!-- day7.FakerDataLibrary -->
