<?xml version="1.0" encoding="UTF-8"?>
<!-- Generated by org.testng.reporters.JUnitReportReporter -->
<testsuite hostname="DESKTOP-FBE7IIT" failures="0" tests="1" name="day8.APIChaining_CreateUser" time="5.213" errors="0" timestamp="2023-11-03T09:35:44 IST" skipped="0">
  <testcase classname="day8.APIChaining_CreateUser" name="testCreateUser" time="5.213"/>
</testsuite> <!-- day8.APIChaining_CreateUser -->
