<?xml version="1.0" encoding="UTF-8"?>
<!-- Generated by org.testng.reporters.JUnitReportReporter -->
<testsuite hostname="DESKTOP-FBE7IIT" failures="0" tests="2" name="day2.WaysToCreatePostRequestBody" time="4.968" errors="0" timestamp="2023-11-17T09:56:04 IST" skipped="0">
  <testcase classname="day2.WaysToCreatePostRequestBody" name="testPostUsingExternalJsonFile" time="4.845"/>
  <testcase classname="day2.WaysToCreatePostRequestBody" name="deleteData" time="0.123"/>
</testsuite> <!-- day2.WaysToCreatePostRequestBody -->
