<?xml version="1.0" encoding="UTF-8"?>
<!-- Generated by org.testng.reporters.JUnitReportReporter -->
<testsuite hostname="DESKTOP-FBE7IIT" failures="0" tests="1" name="day3.HeadersDemo" time="4.025" errors="0" timestamp="2023-10-30T08:16:03 IST" skipped="0">
  <testcase classname="day3.HeadersDemo" name="getAllCookiesInfo" time="4.025"/>
</testsuite> <!-- day3.HeadersDemo -->
