<?xml version="1.0" encoding="UTF-8"?>
<!-- Generated by org.testng.reporters.JUnitReportReporter -->
<testsuite hostname="DESKTOP-FBE7IIT" failures="0" tests="1" name="practise.Parameterization" time="0.026" errors="0" timestamp="2023-11-23T10:48:03 IST" skipped="0">
  <testcase classname="practise.Parameterization" name="logIn" time="0.026"/>
</testsuite> <!-- practise.Parameterization -->
