<?xml version="1.0" encoding="UTF-8"?>
<!-- Generated by org.testng.reporters.JUnitReportReporter -->
<testsuite hostname="DESKTOP-FBE7IIT" failures="0" tests="2" name="day6.SerializationDeserialization" time="0.649" errors="0" timestamp="2023-11-01T08:47:17 IST" skipped="0">
  <testcase classname="day6.SerializationDeserialization" name="convertJavaObjectToJsonObject" time="0.565"/>
  <testcase classname="day6.SerializationDeserialization" name="convertJSONObjectToJavaObject" time="0.084"/>
</testsuite> <!-- day6.SerializationDeserialization -->
