<?xml version="1.0" encoding="UTF-8"?>
<!-- Generated by org.testng.reporters.JUnitReportReporter -->
<testsuite hostname="DESKTOP-FBE7IIT" failures="0" tests="2" name="day5.FileUpload" time="3.407" errors="0" timestamp="2023-10-31T10:22:12 IST" skipped="0">
  <testcase classname="day5.FileUpload" name="singleFileUpload" time="2.896"/>
  <testcase classname="day5.FileUpload" name="multipleFileUpload" time="0.511"/>
</testsuite> <!-- day5.FileUpload -->
