<?xml version="1.0" encoding="UTF-8"?>
<!-- Generated by org.testng.reporters.JUnitReportReporter -->
<testsuite hostname="DESKTOP-FBE7IIT" failures="0" tests="3" name="practise.DataProviderDemo" time="0.032" errors="0" timestamp="2023-11-24T19:54:13 IST" skipped="0">
  <testcase classname="practise.DataProviderDemo" name="getData" time="0.004"/>
  <testcase classname="practise.DataProviderDemo" name="getData" time="0.022"/>
  <testcase classname="practise.DataProviderDemo" name="getData" time="0.006"/>
</testsuite> <!-- practise.DataProviderDemo -->
