<?xml version="1.0" encoding="UTF-8"?>
<!-- Generated by org.testng.reporters.JUnitReportReporter -->
<testsuite hostname="DESKTOP-FBE7IIT" failures="0" tests="1" name="day4.ValidateJSONResponse" time="5.087" errors="0" timestamp="2023-10-30T18:35:28 IST" skipped="0">
  <testcase classname="day4.ValidateJSONResponse" name="testJsonResponseApproach2" time="5.087"/>
</testsuite> <!-- day4.ValidateJSONResponse -->
