<?xml version="1.0" encoding="UTF-8"?>
<!-- Generated by org.testng.reporters.JUnitReportReporter -->
<testsuite hostname="DESKTOP-FBE7IIT" failures="0" tests="5" name="practise.HttpRequest" time="8.970" errors="0" timestamp="2023-11-16T10:40:56 IST" skipped="0">
  <testcase classname="practise.HttpRequest" name="getAllProducts" time="3.820"/>
  <testcase classname="practise.HttpRequest" name="getSingleProduct" time="0.815"/>
  <testcase classname="practise.HttpRequest" name="addNewProduct" time="2.558"/>
  <testcase classname="practise.HttpRequest" name="updateProduct" time="0.751"/>
  <testcase classname="practise.HttpRequest" name="deleteProduct" time="1.026"/>
</testsuite> <!-- practise.HttpRequest -->
