<?xml version="1.0" encoding="UTF-8"?>
<!-- Generated by org.testng.reporters.JUnitReportReporter -->
<testsuite hostname="DESKTOP-FBE7IIT" failures="0" tests="1" name="day8.APIChaining_DeleteUser" time="1.448" errors="0" timestamp="2023-11-03T09:35:44 IST" skipped="0">
  <testcase classname="day8.APIChaining_DeleteUser" name="testDeleteUser" time="1.448"/>
</testsuite> <!-- day8.APIChaining_DeleteUser -->
