<?xml version="1.0" encoding="UTF-8"?>
<!-- Generated by org.testng.reporters.JUnitReportReporter -->
<testsuite hostname="DESKTOP-FBE7IIT" failures="0" tests="2" name="day3.LoggingDemo" time="3.174" errors="0" timestamp="2023-10-30T09:14:39 IST" skipped="0">
  <testcase classname="day3.LoggingDemo" name="getLogging" time="2.985"/>
  <testcase classname="day3.LoggingDemo" name="getStatusCodeAndResponseTime" time="0.189"/>
</testsuite> <!-- day3.LoggingDemo -->
