<?xml version="1.0" encoding="UTF-8"?>
<!-- Generated by org.testng.reporters.JUnitReportReporter -->
<testsuite hostname="DESKTOP-FBE7IIT" failures="0" tests="1" name="day3.QueryAndPathParameters" time="4.398" errors="0" timestamp="2023-10-29T19:01:12 IST" skipped="0">
  <testcase classname="day3.QueryAndPathParameters" name="testQueryAndPathParams" time="4.398"/>
</testsuite> <!-- day3.QueryAndPathParameters -->
