<?xml version="1.0" encoding="UTF-8"?>
<!-- Generated by org.testng.reporters.JUnitReportReporter -->
<testsuite hostname="DESKTOP-FBE7IIT" failures="0" tests="1" name="day3.CookiesDemo" time="2.953" errors="0" timestamp="2023-10-30T07:52:50 IST" skipped="0">
  <testcase classname="day3.CookiesDemo" name="getAllCookiesInfo" time="2.953"/>
</testsuite> <!-- day3.CookiesDemo -->
