<?xml version="1.0" encoding="UTF-8"?>
<!-- Generated by org.testng.reporters.JUnitReportReporter -->
<testsuite hostname="DESKTOP-FBE7IIT" failures="0" tests="1" name="day4.ParsingDataFromResponse" time="2.647" errors="0" timestamp="2023-11-01T19:47:33 IST" skipped="0">
  <testcase classname="day4.ParsingDataFromResponse" name="getUsers" time="2.647"/>
</testsuite> <!-- day4.ParsingDataFromResponse -->
