<?xml version="1.0" encoding="UTF-8"?>
<!-- Generated by org.testng.reporters.JUnitReportReporter -->
<testsuite hostname="DESKTOP-FBE7IIT" failures="0" tests="1" name="practise.MultipleWayToCreatePayload" time="3.035" errors="0" timestamp="2023-11-17T10:14:21 IST" skipped="0">
  <testcase classname="practise.MultipleWayToCreatePayload" name="usingExternalJson" time="3.035"/>
</testsuite> <!-- practise.MultipleWayToCreatePayload -->
